<?xml version="1.0" encoding="UTF-8"?>
<coverage generated="1782422561395" clover="3.2.0">
  <project timestamp="1782422561396" name="All files">
    <metrics statements="35" coveredstatements="30" conditionals="26" coveredconditionals="22" methods="7" coveredmethods="5" elements="68" coveredelements="57" complexity="0" loc="35" ncloc="35" packages="2" files="3" classes="3"/>
    <package name="src">
      <metrics statements="1" coveredstatements="1" conditionals="0" coveredconditionals="0" methods="0" coveredmethods="0"/>
      <file name="config.js" path="C:\Users\sophi\Documents\m-motors\m-motors-frontend\src\config.js">
        <metrics statements="1" coveredstatements="1" conditionals="0" coveredconditionals="0" methods="0" coveredmethods="0"/>
        <line num="1" count="1" type="stmt"/>
      </file>
    </package>
    <package name="src.components">
      <metrics statements="34" coveredstatements="29" conditionals="26" coveredconditionals="22" methods="7" coveredmethods="5"/>
      <file name="Login.css" path="C:\Users\sophi\Documents\m-motors\m-motors-frontend\src\components\Login.css">
        <metrics statements="0" coveredstatements="0" conditionals="0" coveredconditionals="0" methods="0" coveredmethods="0"/>
      </file>
      <file name="Login.jsx" path="C:\Users\sophi\Documents\m-motors\m-motors-frontend\src\components\Login.jsx">
        <metrics statements="34" coveredstatements="29" conditionals="26" coveredconditionals="22" methods="7" coveredmethods="5"/>
        <line num="7" count="22" type="stmt"/>
        <line num="8" count="22" type="stmt"/>
        <line num="13" count="22" type="stmt"/>
        <line num="14" count="22" type="stmt"/>
        <line num="16" count="22" type="stmt"/>
        <line num="17" count="8" type="stmt"/>
        <line num="23" count="22" type="stmt"/>
        <line num="24" count="4" type="stmt"/>
        <line num="25" count="4" type="stmt"/>
        <line num="27" count="4" type="stmt"/>
        <line num="29" count="4" type="stmt"/>
        <line num="30" count="4" type="stmt"/>
        <line num="41" count="3" type="stmt"/>
        <line num="43" count="3" type="cond" truecount="2" falsecount="0"/>
        <line num="44" count="2" type="cond" truecount="4" falsecount="0"/>
        <line num="45" count="1" type="stmt"/>
        <line num="49" count="1" type="stmt"/>
        <line num="52" count="1" type="cond" truecount="3" falsecount="1"/>
        <line num="53" count="0" type="stmt"/>
        <line num="57" count="0" type="stmt"/>
        <line num="60" count="1" type="stmt"/>
        <line num="62" count="1" type="stmt"/>
        <line num="63" count="1" type="cond" truecount="2" falsecount="0"/>
        <line num="64" count="2" type="stmt"/>
        <line num="66" count="2" type="stmt"/>
        <line num="67" count="0" type="cond" truecount="0" falsecount="2"/>
        <line num="70" count="1" type="stmt"/>
        <line num="76" count="1" type="stmt"/>
        <line num="83" count="22" type="stmt"/>
        <line num="84" count="0" type="stmt"/>
        <line num="85" count="0" type="stmt"/>
        <line num="88" count="22" type="stmt"/>
        <line num="96" count="1" type="stmt"/>
        <line num="103" count="1" type="stmt"/>
      </file>
    </package>
  </project>
</coverage>
