{"C:\\Users\\sophi\\Documents\\m-motors\\m-motors-frontend\\src\\config.js": {"path":"C:\\Users\\sophi\\Documents\\m-motors\\m-motors-frontend\\src\\config.js","statementMap":{"0":{"start":{"line":1,"column":28},"end":{"line":1,"column":null}}},"fnMap":{},"branchMap":{},"s":{"0":1},"f":{},"b":{},"meta":{"lastBranch":0,"lastFunction":0,"lastStatement":1,"seen":{"s:1:28:1:Infinity":0},"fnNames":{}}}
,"C:\\Users\\sophi\\Documents\\m-motors\\m-motors-frontend\\src\\components\\Login.css": {"path":"C:\\Users\\sophi\\Documents\\m-motors\\m-motors-frontend\\src\\components\\Login.css","statementMap":{},"fnMap":{},"branchMap":{},"s":{},"f":{},"b":{},"meta":{"lastBranch":0,"lastFunction":0,"lastStatement":0,"seen":{},"fnNames":{}}}
,"C:\\Users\\sophi\\Documents\\m-motors\\m-motors-frontend\\src\\components\\Login.jsx": {"path":"C:\\Users\\sophi\\Documents\\m-motors\\m-motors-frontend\\src\\components\\Login.jsx","statementMap":{"0":{"start":{"line":7,"column":22},"end":{"line":7,"column":null}},"1":{"start":{"line":8,"column":19},"end":{"line":11,"column":null}},"2":{"start":{"line":13,"column":18},"end":{"line":13,"column":null}},"3":{"start":{"line":14,"column":8},"end":{"line":14,"column":null}},"4":{"start":{"line":16,"column":8},"end":{"line":21,"column":null}},"5":{"start":{"line":17,"column":4},"end":{"line":20,"column":null}},"6":{"start":{"line":23,"column":23},"end":{"line":81,"column":null}},"7":{"start":{"line":24,"column":4},"end":{"line":24,"column":null}},"8":{"start":{"line":25,"column":4},"end":{"line":25,"column":null}},"9":{"start":{"line":27,"column":21},"end":{"line":27,"column":null}},"10":{"start":{"line":29,"column":4},"end":{"line":80,"column":null}},"11":{"start":{"line":30,"column":23},"end":{"line":39,"column":null}},"12":{"start":{"line":41,"column":19},"end":{"line":41,"column":null}},"13":{"start":{"line":43,"column":6},"end":{"line":74,"column":null}},"14":{"start":{"line":44,"column":8},"end":{"line":50,"column":null}},"15":{"start":{"line":45,"column":10},"end":{"line":48,"column":null}},"16":{"start":{"line":49,"column":10},"end":{"line":49,"column":null}},"17":{"start":{"line":52,"column":8},"end":{"line":58,"column":null}},"18":{"start":{"line":53,"column":10},"end":{"line":56,"column":null}},"19":{"start":{"line":57,"column":10},"end":{"line":57,"column":null}},"20":{"start":{"line":60,"column":8},"end":{"line":60,"column":null}},"21":{"start":{"line":62,"column":8},"end":{"line":62,"column":null}},"22":{"start":{"line":63,"column":8},"end":{"line":63,"column":null}},"23":{"start":{"line":64,"column":8},"end":{"line":64,"column":null}},"24":{"start":{"line":66,"column":8},"end":{"line":68,"column":null}},"25":{"start":{"line":67,"column":10},"end":{"line":67,"column":null}},"26":{"start":{"line":70,"column":8},"end":{"line":73,"column":null}},"27":{"start":{"line":76,"column":6},"end":{"line":79,"column":null}},"28":{"start":{"line":83,"column":8},"end":{"line":86,"column":null}},"29":{"start":{"line":84,"column":4},"end":{"line":84,"column":null}},"30":{"start":{"line":85,"column":4},"end":{"line":85,"column":null}},"31":{"start":{"line":88,"column":2},"end":{"line":153,"column":null}},"32":{"start":{"line":96,"column":27},"end":{"line":96,"column":null}},"33":{"start":{"line":103,"column":27},"end":{"line":103,"column":null}}},"fnMap":{"0":{"name":"Login","decl":{"start":{"line":6,"column":9},"end":{"line":6,"column":17}},"loc":{"start":{"line":6,"column":17},"end":{"line":155,"column":null}},"line":6},"1":{"name":"(anonymous_1)","decl":{"start":{"line":16,"column":8},"end":{"line":16,"column":24}},"loc":{"start":{"line":16,"column":30},"end":{"line":21,"column":null}},"line":16},"2":{"name":"(anonymous_2)","decl":{"start":{"line":23,"column":23},"end":{"line":23,"column":30}},"loc":{"start":{"line":23,"column":36},"end":{"line":81,"column":null}},"line":23},"3":{"name":"(anonymous_3)","decl":{"start":{"line":66,"column":8},"end":{"line":66,"column":25}},"loc":{"start":{"line":66,"column":25},"end":{"line":68,"column":11}},"line":66},"4":{"name":"(anonymous_4)","decl":{"start":{"line":83,"column":8},"end":{"line":83,"column":32}},"loc":{"start":{"line":83,"column":38},"end":{"line":86,"column":null}},"line":83},"5":{"name":"(anonymous_5)","decl":{"start":{"line":96,"column":12},"end":{"line":96,"column":27}},"loc":{"start":{"line":96,"column":27},"end":{"line":96,"column":null}},"line":96},"6":{"name":"(anonymous_6)","decl":{"start":{"line":103,"column":12},"end":{"line":103,"column":27}},"loc":{"start":{"line":103,"column":27},"end":{"line":103,"column":null}},"line":103}},"branchMap":{"0":{"loc":{"start":{"line":43,"column":6},"end":{"line":74,"column":null}},"type":"if","locations":[{"start":{"line":43,"column":6},"end":{"line":74,"column":null}},{"start":{"line":69,"column":13},"end":{"line":74,"column":null}}],"line":43},"1":{"loc":{"start":{"line":44,"column":8},"end":{"line":50,"column":null}},"type":"if","locations":[{"start":{"line":44,"column":8},"end":{"line":50,"column":null}},{"start":{},"end":{}}],"line":44},"2":{"loc":{"start":{"line":44,"column":12},"end":{"line":44,"column":64}},"type":"binary-expr","locations":[{"start":{"line":44,"column":12},"end":{"line":44,"column":37}},{"start":{"line":44,"column":37},"end":{"line":44,"column":64}}],"line":44},"3":{"loc":{"start":{"line":52,"column":8},"end":{"line":58,"column":null}},"type":"if","locations":[{"start":{"line":52,"column":8},"end":{"line":58,"column":null}},{"start":{},"end":{}}],"line":52},"4":{"loc":{"start":{"line":52,"column":12},"end":{"line":52,"column":67}},"type":"binary-expr","locations":[{"start":{"line":52,"column":12},"end":{"line":52,"column":40}},{"start":{"line":52,"column":40},"end":{"line":52,"column":67}}],"line":52},"5":{"loc":{"start":{"line":63,"column":42},"end":{"line":63,"column":70}},"type":"binary-expr","locations":[{"start":{"line":63,"column":42},"end":{"line":63,"column":56}},{"start":{"line":63,"column":56},"end":{"line":63,"column":70}}],"line":63},"6":{"loc":{"start":{"line":67,"column":33},"end":{"line":67,"column":null}},"type":"cond-expr","locations":[{"start":{"line":67,"column":61},"end":{"line":67,"column":87}},{"start":{"line":67,"column":87},"end":{"line":67,"column":null}}],"line":67},"7":{"loc":{"start":{"line":71,"column":16},"end":{"line":71,"column":null}},"type":"binary-expr","locations":[{"start":{"line":71,"column":16},"end":{"line":71,"column":32}},{"start":{"line":71,"column":32},"end":{"line":71,"column":null}}],"line":71},"8":{"loc":{"start":{"line":95,"column":34},"end":{"line":95,"column":null}},"type":"cond-expr","locations":[{"start":{"line":95,"column":61},"end":{"line":95,"column":76}},{"start":{"line":95,"column":76},"end":{"line":95,"column":null}}],"line":95},"9":{"loc":{"start":{"line":102,"column":34},"end":{"line":102,"column":null}},"type":"cond-expr","locations":[{"start":{"line":102,"column":58},"end":{"line":102,"column":73}},{"start":{"line":102,"column":73},"end":{"line":102,"column":null}}],"line":102},"10":{"loc":{"start":{"line":109,"column":13},"end":{"line":109,"column":93}},"type":"cond-expr","locations":[{"start":{"line":109,"column":37},"end":{"line":109,"column":70}},{"start":{"line":109,"column":70},"end":{"line":109,"column":93}}],"line":109},"11":{"loc":{"start":{"line":111,"column":9},"end":{"line":114,"column":null}},"type":"binary-expr","locations":[{"start":{"line":111,"column":9},"end":{"line":111,"column":null}},{"start":{"line":112,"column":10},"end":{"line":114,"column":null}}],"line":111},"12":{"loc":{"start":{"line":112,"column":41},"end":{"line":112,"column":null}},"type":"cond-expr","locations":[{"start":{"line":112,"column":59},"end":{"line":112,"column":73}},{"start":{"line":112,"column":73},"end":{"line":112,"column":null}}],"line":112}},"s":{"0":22,"1":22,"2":22,"3":22,"4":22,"5":8,"6":22,"7":4,"8":4,"9":4,"10":4,"11":4,"12":3,"13":3,"14":2,"15":1,"16":1,"17":1,"18":0,"19":0,"20":1,"21":1,"22":1,"23":2,"24":2,"25":0,"26":1,"27":1,"28":22,"29":0,"30":0,"31":22,"32":1,"33":1},"f":{"0":22,"1":8,"2":4,"3":0,"4":0,"5":1,"6":1},"b":{"0":[2,1],"1":[1,1],"2":[2,1],"3":[0,1],"4":[1,1],"5":[1,1],"6":[0,0],"7":[1,0],"8":[17,5],"9":[5,17],"10":[5,17],"11":[22,11],"12":[8,3]},"meta":{"lastBranch":13,"lastFunction":7,"lastStatement":34,"seen":{"f:6:9:6:17":0,"s:7:22:7:Infinity":0,"s:8:19:11:Infinity":1,"s:13:18:13:Infinity":2,"s:14:8:14:Infinity":3,"s:16:8:21:Infinity":4,"f:16:8:16:24":1,"s:17:4:20:Infinity":5,"s:23:23:81:Infinity":6,"f:23:23:23:30":2,"s:24:4:24:Infinity":7,"s:25:4:25:Infinity":8,"s:27:21:27:Infinity":9,"s:29:4:80:Infinity":10,"s:30:23:39:Infinity":11,"s:41:19:41:Infinity":12,"b:43:6:74:Infinity:69:13:74:Infinity":0,"s:43:6:74:Infinity":13,"b:44:8:50:Infinity:undefined:undefined:undefined:undefined":1,"s:44:8:50:Infinity":14,"b:44:12:44:37:44:37:44:64":2,"s:45:10:48:Infinity":15,"s:49:10:49:Infinity":16,"b:52:8:58:Infinity:undefined:undefined:undefined:undefined":3,"s:52:8:58:Infinity":17,"b:52:12:52:40:52:40:52:67":4,"s:53:10:56:Infinity":18,"s:57:10:57:Infinity":19,"s:60:8:60:Infinity":20,"s:62:8:62:Infinity":21,"s:63:8:63:Infinity":22,"b:63:42:63:56:63:56:63:70":5,"s:64:8:64:Infinity":23,"s:66:8:68:Infinity":24,"f:66:8:66:25":3,"s:67:10:67:Infinity":25,"b:67:61:67:87:67:87:67:Infinity":6,"s:70:8:73:Infinity":26,"b:71:16:71:32:71:32:71:Infinity":7,"s:76:6:79:Infinity":27,"s:83:8:86:Infinity":28,"f:83:8:83:32":4,"s:84:4:84:Infinity":29,"s:85:4:85:Infinity":30,"s:88:2:153:Infinity":31,"b:95:61:95:76:95:76:95:Infinity":8,"f:96:12:96:27":5,"s:96:27:96:Infinity":32,"b:102:58:102:73:102:73:102:Infinity":9,"f:103:12:103:27":6,"s:103:27:103:Infinity":33,"b:109:37:109:70:109:70:109:93":10,"b:111:9:111:Infinity:112:10:114:Infinity":11,"b:112:59:112:73:112:73:112:Infinity":12},"fnNames":{}}}
}
